<?xml version="1.0" encoding="UTF-8"?>
<testng-results skipped="0" failed="2" ignored="0" total="6" passed="4">
  <reporter-output>
  </reporter-output>
  <suite name="Default suite" duration-ms="35076" started-at="2019-02-14T13:20:15Z" finished-at="2019-02-14T13:20:51Z">
    <groups>
    </groups>
    <test name="Default test" duration-ms="35076" started-at="2019-02-14T13:20:15Z" finished-at="2019-02-14T13:20:51Z">
      <class name="com.example.FirstAppiumTest">
        <test-method status="PASS" signature="Setup()[pri:0, instance:com.example.FirstAppiumTest@396a51ab]" name="Setup" is-config="true" duration-ms="10320" started-at="2019-02-14T13:20:15Z" finished-at="2019-02-14T13:20:26Z">
          <reporter-output>
          </reporter-output>
        </test-method> <!-- Setup -->
        <test-method status="PASS" signature="BeforeMethod()[pri:0, instance:com.example.FirstAppiumTest@396a51ab]" name="BeforeMethod" is-config="true" duration-ms="7" started-at="2019-02-14T13:20:26Z" finished-at="2019-02-14T13:20:26Z">
          <reporter-output>
          </reporter-output>
        </test-method> <!-- BeforeMethod -->
        <test-method status="PASS" signature="ButtonTest()[pri:0, instance:com.example.FirstAppiumTest@396a51ab]" name="ButtonTest" duration-ms="213" started-at="2019-02-14T13:20:26Z" finished-at="2019-02-14T13:20:26Z">
          <reporter-output>
          </reporter-output>
        </test-method> <!-- ButtonTest -->
        <test-method status="PASS" signature="BeforeMethod()[pri:0, instance:com.example.FirstAppiumTest@396a51ab]" name="BeforeMethod" is-config="true" duration-ms="4" started-at="2019-02-14T13:20:26Z" finished-at="2019-02-14T13:20:26Z">
          <reporter-output>
          </reporter-output>
        </test-method> <!-- BeforeMethod -->
        <test-method status="PASS" signature="DisplayTextViewTest()[pri:0, instance:com.example.FirstAppiumTest@396a51ab]" name="DisplayTextViewTest" duration-ms="4333" started-at="2019-02-14T13:20:26Z" finished-at="2019-02-14T13:20:30Z">
          <reporter-output>
          </reporter-output>
        </test-method> <!-- DisplayTextViewTest -->
        <test-method status="PASS" signature="BeforeMethod()[pri:0, instance:com.example.FirstAppiumTest@396a51ab]" name="BeforeMethod" is-config="true" duration-ms="6" started-at="2019-02-14T13:20:30Z" finished-at="2019-02-14T13:20:30Z">
          <reporter-output>
          </reporter-output>
        </test-method> <!-- BeforeMethod -->
        <test-method status="PASS" signature="ENButtonTest()[pri:0, instance:com.example.FirstAppiumTest@396a51ab]" name="ENButtonTest" duration-ms="4941" started-at="2019-02-14T13:20:30Z" finished-at="2019-02-14T13:20:35Z">
          <reporter-output>
          </reporter-output>
        </test-method> <!-- ENButtonTest -->
        <test-method status="PASS" signature="BeforeMethod()[pri:0, instance:com.example.FirstAppiumTest@396a51ab]" name="BeforeMethod" is-config="true" duration-ms="5" started-at="2019-02-14T13:20:35Z" finished-at="2019-02-14T13:20:35Z">
          <reporter-output>
          </reporter-output>
        </test-method> <!-- BeforeMethod -->
        <test-method status="PASS" signature="TextFieldTest()[pri:0, instance:com.example.FirstAppiumTest@396a51ab]" name="TextFieldTest" duration-ms="2220" started-at="2019-02-14T13:20:35Z" finished-at="2019-02-14T13:20:38Z">
          <reporter-output>
          </reporter-output>
        </test-method> <!-- TextFieldTest -->
        <test-method status="PASS" signature="BeforeMethod()[pri:0, instance:com.example.FirstAppiumTest@396a51ab]" name="BeforeMethod" is-config="true" duration-ms="5" started-at="2019-02-14T13:20:38Z" finished-at="2019-02-14T13:20:38Z">
          <reporter-output>
          </reporter-output>
        </test-method> <!-- BeforeMethod -->
        <test-method status="FAIL" signature="UserRegistrationTest()[pri:0, instance:com.example.FirstAppiumTest@396a51ab]" name="UserRegistrationTest" duration-ms="10969" started-at="2019-02-14T13:20:38Z" finished-at="2019-02-14T13:20:49Z">
          <exception class="org.openqa.selenium.WebDriverException">
            <message>
              <![CDATA[An unknown server-side error occurred while processing the command. Original error: Could not proxy command to remote server. Original error: Error: read ECONNRESET
Build info: version: '3.141.59', revision: 'e82be7d358', time: '2018-11-14T08:25:53'
System info: host: 'DESKTOP-CEKKT7I', ip: '192.168.231.2', os.name: 'Windows 10', os.arch: 'amd64', os.version: '10.0', java.version: '1.8.0_191'
Driver info: io.appium.java_client.AppiumDriver
Capabilities {app: C:/Users/Marc Esso/Download..., appPackage: io.selendroid.testapp, automationName: uiautomator2, avd: Nexus_5X_API_28, databaseEnabled: false, desired: {app: C:/Users/Marc Esso/Download..., automationName: uiautomator2, avd: Nexus_5X_API_28, deviceName: Nexus_5X_API_28, platformName: android, udid: emulator-5554}, deviceApiLevel: 28, deviceManufacturer: Google, deviceModel: Android SDK built for x86, deviceName: emulator-5554, deviceScreenDensity: 420, deviceScreenSize: 1080x1920, deviceUDID: emulator-5554, javascriptEnabled: true, locationContextEnabled: false, networkConnectionEnabled: true, pixelRatio: 2.625, platform: LINUX, platformName: LINUX, platformVersion: 9, statBarHeight: 63, takesScreenshot: true, udid: emulator-5554, viewportRect: {height: 1731, left: 0, top: 63, width: 1080}, warnings: {}, webStorageEnabled: false}
Session ID: aeba4e2c-ca62-4c71-847f-98d7ae18a05a
*** Element info: {Using=id, value=io.selendroid.testapp:id/input_preferedProgrammingLanguage}]]>
            </message>
            <full-stacktrace>
              <![CDATA[org.openqa.selenium.WebDriverException: An unknown server-side error occurred while processing the command. Original error: Could not proxy command to remote server. Original error: Error: read ECONNRESET
Build info: version: '3.141.59', revision: 'e82be7d358', time: '2018-11-14T08:25:53'
System info: host: 'DESKTOP-CEKKT7I', ip: '192.168.231.2', os.name: 'Windows 10', os.arch: 'amd64', os.version: '10.0', java.version: '1.8.0_191'
Driver info: io.appium.java_client.AppiumDriver
Capabilities {app: C:/Users/Marc Esso/Download..., appPackage: io.selendroid.testapp, automationName: uiautomator2, avd: Nexus_5X_API_28, databaseEnabled: false, desired: {app: C:/Users/Marc Esso/Download..., automationName: uiautomator2, avd: Nexus_5X_API_28, deviceName: Nexus_5X_API_28, platformName: android, udid: emulator-5554}, deviceApiLevel: 28, deviceManufacturer: Google, deviceModel: Android SDK built for x86, deviceName: emulator-5554, deviceScreenDensity: 420, deviceScreenSize: 1080x1920, deviceUDID: emulator-5554, javascriptEnabled: true, locationContextEnabled: false, networkConnectionEnabled: true, pixelRatio: 2.625, platform: LINUX, platformName: LINUX, platformVersion: 9, statBarHeight: 63, takesScreenshot: true, udid: emulator-5554, viewportRect: {height: 1731, left: 0, top: 63, width: 1080}, warnings: {}, webStorageEnabled: false}
Session ID: aeba4e2c-ca62-4c71-847f-98d7ae18a05a
*** Element info: {Using=id, value=io.selendroid.testapp:id/input_preferedProgrammingLanguage}
at sun.reflect.NativeConstructorAccessorImpl.newInstance0(Native Method)
at sun.reflect.NativeConstructorAccessorImpl.newInstance(Unknown Source)
at sun.reflect.DelegatingConstructorAccessorImpl.newInstance(Unknown Source)
at java.lang.reflect.Constructor.newInstance(Unknown Source)
at org.openqa.selenium.remote.http.W3CHttpResponseCodec.createException(W3CHttpResponseCodec.java:187)
at org.openqa.selenium.remote.http.W3CHttpResponseCodec.decode(W3CHttpResponseCodec.java:122)
at org.openqa.selenium.remote.http.W3CHttpResponseCodec.decode(W3CHttpResponseCodec.java:49)
at org.openqa.selenium.remote.HttpCommandExecutor.execute(HttpCommandExecutor.java:158)
at io.appium.java_client.remote.AppiumCommandExecutor.execute(AppiumCommandExecutor.java:239)
at org.openqa.selenium.remote.RemoteWebDriver.execute(RemoteWebDriver.java:552)
at io.appium.java_client.DefaultGenericMobileDriver.execute(DefaultGenericMobileDriver.java:42)
at io.appium.java_client.AppiumDriver.execute(AppiumDriver.java:1)
at org.openqa.selenium.remote.RemoteWebDriver.findElement(RemoteWebDriver.java:323)
at io.appium.java_client.DefaultGenericMobileDriver.findElement(DefaultGenericMobileDriver.java:62)
at io.appium.java_client.AppiumDriver.findElement(AppiumDriver.java:1)
at org.openqa.selenium.remote.RemoteWebDriver.findElementById(RemoteWebDriver.java:372)
at io.appium.java_client.DefaultGenericMobileDriver.findElementById(DefaultGenericMobileDriver.java:70)
at io.appium.java_client.AppiumDriver.findElementById(AppiumDriver.java:1)
at org.openqa.selenium.By$ById.findElement(By.java:188)
at org.openqa.selenium.remote.RemoteWebDriver.findElement(RemoteWebDriver.java:315)
at io.appium.java_client.DefaultGenericMobileDriver.findElement(DefaultGenericMobileDriver.java:58)
at io.appium.java_client.AppiumDriver.findElement(AppiumDriver.java:1)
at com.example.FirstAppiumTest.UserRegistrationTest(FirstAppiumTest.java:116)
at sun.reflect.NativeMethodAccessorImpl.invoke0(Native Method)
at sun.reflect.NativeMethodAccessorImpl.invoke(Unknown Source)
at sun.reflect.DelegatingMethodAccessorImpl.invoke(Unknown Source)
at java.lang.reflect.Method.invoke(Unknown Source)
at org.testng.internal.MethodInvocationHelper.invokeMethod(MethodInvocationHelper.java:124)
at org.testng.internal.Invoker.invokeMethod(Invoker.java:580)
at org.testng.internal.Invoker.invokeTestMethod(Invoker.java:716)
at org.testng.internal.Invoker.invokeTestMethods(Invoker.java:988)
at org.testng.internal.TestMethodWorker.invokeTestMethods(TestMethodWorker.java:125)
at org.testng.internal.TestMethodWorker.run(TestMethodWorker.java:109)
at org.testng.TestRunner.privateRun(TestRunner.java:648)
at org.testng.TestRunner.run(TestRunner.java:505)
at org.testng.SuiteRunner.runTest(SuiteRunner.java:455)
at org.testng.SuiteRunner.runSequentially(SuiteRunner.java:450)
at org.testng.SuiteRunner.privateRun(SuiteRunner.java:415)
at org.testng.SuiteRunner.run(SuiteRunner.java:364)
at org.testng.SuiteRunnerWorker.runSuite(SuiteRunnerWorker.java:52)
at org.testng.SuiteRunnerWorker.run(SuiteRunnerWorker.java:84)
at org.testng.TestNG.runSuitesSequentially(TestNG.java:1208)
at org.testng.TestNG.runSuitesLocally(TestNG.java:1137)
at org.testng.TestNG.runSuites(TestNG.java:1049)
at org.testng.TestNG.run(TestNG.java:1017)
at org.testng.remote.AbstractRemoteTestNG.run(AbstractRemoteTestNG.java:114)
at org.testng.remote.RemoteTestNG.initAndRun(RemoteTestNG.java:251)
at org.testng.remote.RemoteTestNG.main(RemoteTestNG.java:77)
]]>
            </full-stacktrace>
          </exception> <!-- org.openqa.selenium.WebDriverException -->
          <reporter-output>
          </reporter-output>
        </test-method> <!-- UserRegistrationTest -->
        <test-method status="PASS" signature="BeforeMethod()[pri:0, instance:com.example.FirstAppiumTest@396a51ab]" name="BeforeMethod" is-config="true" duration-ms="7" started-at="2019-02-14T13:20:49Z" finished-at="2019-02-14T13:20:49Z">
          <reporter-output>
          </reporter-output>
        </test-method> <!-- BeforeMethod -->
        <test-method status="FAIL" signature="WebViewTest()[pri:0, instance:com.example.FirstAppiumTest@396a51ab]" name="WebViewTest" duration-ms="2014" started-at="2019-02-14T13:20:49Z" finished-at="2019-02-14T13:20:51Z">
          <exception class="org.openqa.selenium.WebDriverException">
            <message>
              <![CDATA[An unknown server-side error occurred while processing the command. Original error: Could not proxy command to remote server. Original error: Error: read ECONNRESET
Build info: version: '3.141.59', revision: 'e82be7d358', time: '2018-11-14T08:25:53'
System info: host: 'DESKTOP-CEKKT7I', ip: '192.168.231.2', os.name: 'Windows 10', os.arch: 'amd64', os.version: '10.0', java.version: '1.8.0_191'
Driver info: io.appium.java_client.AppiumDriver
Capabilities {app: C:/Users/Marc Esso/Download..., appPackage: io.selendroid.testapp, automationName: uiautomator2, avd: Nexus_5X_API_28, databaseEnabled: false, desired: {app: C:/Users/Marc Esso/Download..., automationName: uiautomator2, avd: Nexus_5X_API_28, deviceName: Nexus_5X_API_28, platformName: android, udid: emulator-5554}, deviceApiLevel: 28, deviceManufacturer: Google, deviceModel: Android SDK built for x86, deviceName: emulator-5554, deviceScreenDensity: 420, deviceScreenSize: 1080x1920, deviceUDID: emulator-5554, javascriptEnabled: true, locationContextEnabled: false, networkConnectionEnabled: true, pixelRatio: 2.625, platform: LINUX, platformName: LINUX, platformVersion: 9, statBarHeight: 63, takesScreenshot: true, udid: emulator-5554, viewportRect: {height: 1731, left: 0, top: 63, width: 1080}, warnings: {}, webStorageEnabled: false}
Session ID: aeba4e2c-ca62-4c71-847f-98d7ae18a05a
*** Element info: {Using=id, value=io.selendroid.testapp:id/buttonStartWebview}]]>
            </message>
            <full-stacktrace>
              <![CDATA[org.openqa.selenium.WebDriverException: An unknown server-side error occurred while processing the command. Original error: Could not proxy command to remote server. Original error: Error: read ECONNRESET
Build info: version: '3.141.59', revision: 'e82be7d358', time: '2018-11-14T08:25:53'
System info: host: 'DESKTOP-CEKKT7I', ip: '192.168.231.2', os.name: 'Windows 10', os.arch: 'amd64', os.version: '10.0', java.version: '1.8.0_191'
Driver info: io.appium.java_client.AppiumDriver
Capabilities {app: C:/Users/Marc Esso/Download..., appPackage: io.selendroid.testapp, automationName: uiautomator2, avd: Nexus_5X_API_28, databaseEnabled: false, desired: {app: C:/Users/Marc Esso/Download..., automationName: uiautomator2, avd: Nexus_5X_API_28, deviceName: Nexus_5X_API_28, platformName: android, udid: emulator-5554}, deviceApiLevel: 28, deviceManufacturer: Google, deviceModel: Android SDK built for x86, deviceName: emulator-5554, deviceScreenDensity: 420, deviceScreenSize: 1080x1920, deviceUDID: emulator-5554, javascriptEnabled: true, locationContextEnabled: false, networkConnectionEnabled: true, pixelRatio: 2.625, platform: LINUX, platformName: LINUX, platformVersion: 9, statBarHeight: 63, takesScreenshot: true, udid: emulator-5554, viewportRect: {height: 1731, left: 0, top: 63, width: 1080}, warnings: {}, webStorageEnabled: false}
Session ID: aeba4e2c-ca62-4c71-847f-98d7ae18a05a
*** Element info: {Using=id, value=io.selendroid.testapp:id/buttonStartWebview}
at sun.reflect.NativeConstructorAccessorImpl.newInstance0(Native Method)
at sun.reflect.NativeConstructorAccessorImpl.newInstance(Unknown Source)
at sun.reflect.DelegatingConstructorAccessorImpl.newInstance(Unknown Source)
at java.lang.reflect.Constructor.newInstance(Unknown Source)
at org.openqa.selenium.remote.http.W3CHttpResponseCodec.createException(W3CHttpResponseCodec.java:187)
at org.openqa.selenium.remote.http.W3CHttpResponseCodec.decode(W3CHttpResponseCodec.java:122)
at org.openqa.selenium.remote.http.W3CHttpResponseCodec.decode(W3CHttpResponseCodec.java:49)
at org.openqa.selenium.remote.HttpCommandExecutor.execute(HttpCommandExecutor.java:158)
at io.appium.java_client.remote.AppiumCommandExecutor.execute(AppiumCommandExecutor.java:239)
at org.openqa.selenium.remote.RemoteWebDriver.execute(RemoteWebDriver.java:552)
at io.appium.java_client.DefaultGenericMobileDriver.execute(DefaultGenericMobileDriver.java:42)
at io.appium.java_client.AppiumDriver.execute(AppiumDriver.java:1)
at org.openqa.selenium.remote.RemoteWebDriver.findElement(RemoteWebDriver.java:323)
at io.appium.java_client.DefaultGenericMobileDriver.findElement(DefaultGenericMobileDriver.java:62)
at io.appium.java_client.AppiumDriver.findElement(AppiumDriver.java:1)
at org.openqa.selenium.remote.RemoteWebDriver.findElementById(RemoteWebDriver.java:372)
at io.appium.java_client.DefaultGenericMobileDriver.findElementById(DefaultGenericMobileDriver.java:70)
at io.appium.java_client.AppiumDriver.findElementById(AppiumDriver.java:1)
at org.openqa.selenium.By$ById.findElement(By.java:188)
at org.openqa.selenium.remote.RemoteWebDriver.findElement(RemoteWebDriver.java:315)
at io.appium.java_client.DefaultGenericMobileDriver.findElement(DefaultGenericMobileDriver.java:58)
at io.appium.java_client.AppiumDriver.findElement(AppiumDriver.java:1)
at com.example.FirstAppiumTest.WebViewTest(FirstAppiumTest.java:143)
at sun.reflect.NativeMethodAccessorImpl.invoke0(Native Method)
at sun.reflect.NativeMethodAccessorImpl.invoke(Unknown Source)
at sun.reflect.DelegatingMethodAccessorImpl.invoke(Unknown Source)
at java.lang.reflect.Method.invoke(Unknown Source)
at org.testng.internal.MethodInvocationHelper.invokeMethod(MethodInvocationHelper.java:124)
at org.testng.internal.Invoker.invokeMethod(Invoker.java:580)
at org.testng.internal.Invoker.invokeTestMethod(Invoker.java:716)
at org.testng.internal.Invoker.invokeTestMethods(Invoker.java:988)
at org.testng.internal.TestMethodWorker.invokeTestMethods(TestMethodWorker.java:125)
at org.testng.internal.TestMethodWorker.run(TestMethodWorker.java:109)
at org.testng.TestRunner.privateRun(TestRunner.java:648)
at org.testng.TestRunner.run(TestRunner.java:505)
at org.testng.SuiteRunner.runTest(SuiteRunner.java:455)
at org.testng.SuiteRunner.runSequentially(SuiteRunner.java:450)
at org.testng.SuiteRunner.privateRun(SuiteRunner.java:415)
at org.testng.SuiteRunner.run(SuiteRunner.java:364)
at org.testng.SuiteRunnerWorker.runSuite(SuiteRunnerWorker.java:52)
at org.testng.SuiteRunnerWorker.run(SuiteRunnerWorker.java:84)
at org.testng.TestNG.runSuitesSequentially(TestNG.java:1208)
at org.testng.TestNG.runSuitesLocally(TestNG.java:1137)
at org.testng.TestNG.runSuites(TestNG.java:1049)
at org.testng.TestNG.run(TestNG.java:1017)
at org.testng.remote.AbstractRemoteTestNG.run(AbstractRemoteTestNG.java:114)
at org.testng.remote.RemoteTestNG.initAndRun(RemoteTestNG.java:251)
at org.testng.remote.RemoteTestNG.main(RemoteTestNG.java:77)
]]>
            </full-stacktrace>
          </exception> <!-- org.openqa.selenium.WebDriverException -->
          <reporter-output>
          </reporter-output>
        </test-method> <!-- WebViewTest -->
        <test-method status="PASS" signature="CloseApp()[pri:0, instance:com.example.FirstAppiumTest@396a51ab]" name="CloseApp" is-config="true" duration-ms="0" started-at="2019-02-14T13:20:51Z" finished-at="2019-02-14T13:20:51Z">
          <reporter-output>
          </reporter-output>
        </test-method> <!-- CloseApp -->
      </class> <!-- com.example.FirstAppiumTest -->
    </test> <!-- Default test -->
  </suite> <!-- Default suite -->
</testng-results>
